
> ut-project@1.0.0 build-storybook
> storybook build -c ./config/storybook --output-dir C:\Users\mogil\AppData\Local\Temp\chromatic--25356-IujVHh2moy7z

@storybook/cli v7.4.0

info => Cleaning outputDir: C:\Users\mogil\AppData\Local\Temp\chromatic--25356-IujVHh2moy7z
info => Loading presets
info => Building manager..
info => Manager built (281 ms)
info => Compiling preview..
info => Copying static files: C:\Users\mogil\OneDrive\Документы\codes\ut-project\node_modules\@storybook\manager\static at C:\Users\mogil\AppData\Local\Temp\chromatic--25356-IujVHh2moy7z\sb-common-assets
info Addon-docs: using MDX2
info => Using implicit CSS loaders
info => Loading custom Webpack config (full-control mode).
<s> [webpack.Progress] 0% 

<s> [webpack.Progress] 1% setup initialize
<s> [webpack.Progress] 1% setup initialize HtmlWebpackPlugin
<s> [webpack.Progress] 1% setup initialize
<s> [webpack.Progress] 2% setup before run
<s> [webpack.Progress] 2% setup before run NodeEnvironmentPlugin
<s> [webpack.Progress] 2% setup before run
<s> [webpack.Progress] 3% setup run
<s> [webpack.Progress] 3% setup run
<s> [webpack.Progress] 4% setup normal module factory
<s> [webpack.Progress] 4% setup normal module factory CaseSensitivePathsPlugin
<s> [webpack.Progress] 4% setup normal module factory
<s> [webpack.Progress] 5% setup context module factory
<s> [webpack.Progress] 5% setup context module factory
<s> [webpack.Progress] 6% setup before compile
<s> [webpack.Progress] 6% setup before compile ProgressPlugin
<s> [webpack.Progress] 6% setup before compile
<s> [webpack.Progress] 7% setup compile
<s> [webpack.Progress] 7% setup compile ExternalsPlugin
<s> [webpack.Progress] 7% setup compile ExternalsPlugin
<s> [webpack.Progress] 7% setup compile
<s> [webpack.Progress] 8% setup compilation
<s> [webpack.Progress] 8% setup compilation unplugin-csf
<s> [webpack.Progress] 8% setup compilation ArrayPushCallbackChunkFormatPlugin
<s> [webpack.Progress] 8% setup compilation JsonpChunkLoadingPlugin
<s> [webpack.Progress] 8% setup compilation StartupChunkDependenciesPlugin
<s> [webpack.Progress] 8% setup compilation ImportScriptsChunkLoadingPlugin
<s> [webpack.Progress] 8% setup compilation FetchCompileWasmPlugin
<s> [webpack.Progress] 8% setup compilation FetchCompileAsyncWasmPlugin
<s> [webpack.Progress] 8% setup compilation WorkerPlugin
<s> [webpack.Progress] 8% setup compilation SplitChunksPlugin
<s> [webpack.Progress] 8% setup compilation RuntimeChunkPlugin
<s> [webpack.Progress] 8% setup compilation ResolverCachePlugin
<s> [webpack.Progress] 8% setup compilation HtmlWebpackPlugin
<s> [webpack.Progress] 8% setup compilation
<s> [webpack.Progress] 9% setup compilation
<s> [webpack.Progress] 9% setup compilation DefinePlugin
<s> [webpack.Progress] 9% setup compilation ProvidePlugin
<s> [webpack.Progress] 9% setup compilation ProgressPlugin
<s> [webpack.Progress] 9% setup compilation DocGenPlugin
<s> [webpack.Progress] 9% setup compilation DefinePlugin
<s> [webpack.Progress] 9% setup compilation ChunkPrefetchPreloadPlugin
<s> [webpack.Progress] 9% setup compilation SourceMapDevToolPlugin
<s> [webpack.Progress] 9% setup compilation JavascriptModulesPlugin
<s> [webpack.Progress] 9% setup compilation JsonModulesPlugin
<s> [webpack.Progress] 9% setup compilation AssetModulesPlugin
<s> [webpack.Progress] 9% setup compilation EntryPlugin
<s> [webpack.Progress] 9% setup compilation RuntimePlugin
<s> [webpack.Progress] 9% setup compilation InferAsyncModulesPlugin
<s> [webpack.Progress] 9% setup compilation DataUriPlugin
<s> [webpack.Progress] 9% setup compilation FileUriPlugin
<s> [webpack.Progress] 9% setup compilation CompatibilityPlugin
<s> [webpack.Progress] 9% setup compilation HarmonyModulesPlugin
<s> [webpack.Progress] 9% setup compilation AMDPlugin
<s> [webpack.Progress] 9% setup compilation RequireJsStuffPlugin
<s> [webpack.Progress] 9% setup compilation CommonJsPlugin
<s> [webpack.Progress] 9% setup compilation LoaderPlugin
<s> [webpack.Progress] 9% setup compilation LoaderPlugin
<s> [webpack.Progress] 9% setup compilation NodeStuffPlugin
<s> [webpack.Progress] 9% setup compilation APIPlugin
<s> [webpack.Progress] 9% setup compilation ExportsInfoApiPlugin
<s> [webpack.Progress] 9% setup compilation WebpackIsIncludedPlugin
<s> [webpack.Progress] 9% setup compilation ConstPlugin
<s> [webpack.Progress] 9% setup compilation UseStrictPlugin
<s> [webpack.Progress] 9% setup compilation RequireIncludePlugin
<s> [webpack.Progress] 9% setup compilation RequireEnsurePlugin
<s> [webpack.Progress] 9% setup compilation RequireContextPlugin
<s> [webpack.Progress] 9% setup compilation ImportPlugin
<s> [webpack.Progress] 9% setup compilation SystemPlugin
<s> [webpack.Progress] 9% setup compilation ImportMetaPlugin
<s> [webpack.Progress] 9% setup compilation URLPlugin
<s> [webpack.Progress] 9% setup compilation DefaultStatsFactoryPlugin
<s> [webpack.Progress] 9% setup compilation DefaultStatsPresetPlugin
<s> [webpack.Progress] 9% setup compilation DefaultStatsPrinterPlugin
<s> [webpack.Progress] 9% setup compilation JavascriptMetaInfoPlugin
<s> [webpack.Progress] 9% setup compilation EnsureChunkConditionsPlugin
<s> [webpack.Progress] 9% setup compilation RemoveEmptyChunksPlugin
<s> [webpack.Progress] 9% setup compilation MergeDuplicateChunksPlugin
<s> [webpack.Progress] 9% setup compilation FlagIncludedChunksPlugin
<s> [webpack.Progress] 9% setup compilation SideEffectsFlagPlugin
<s> [webpack.Progress] 9% setup compilation FlagDependencyExportsPlugin
<s> [webpack.Progress] 9% setup compilation FlagDependencyUsagePlugin
<s> [webpack.Progress] 9% setup compilation InnerGraphPlugin
<s> [webpack.Progress] 9% setup compilation MangleExportsPlugin
<s> [webpack.Progress] 9% setup compilation ModuleConcatenationPlugin
<s> [webpack.Progress] 9% setup compilation NoEmitOnErrorsPlugin
<s> [webpack.Progress] 9% setup compilation RealContentHashPlugin
<s> [webpack.Progress] 9% setup compilation WasmFinalizeExportsPlugin
<s> [webpack.Progress] 9% setup compilation NamedModuleIdsPlugin
<s> [webpack.Progress] 9% setup compilation DeterministicChunkIdsPlugin
<s> [webpack.Progress] 9% setup compilation DefinePlugin
<s> [webpack.Progress] 9% setup compilation TerserPlugin
<s> [webpack.Progress] 9% setup compilation TemplatedPathPlugin
<s> [webpack.Progress] 9% setup compilation RecordIdsPlugin
<s> [webpack.Progress] 9% setup compilation WarnCaseSensitiveModulesPlugin
<s> [webpack.Progress] 9% setup compilation IgnoreWarningsPlugin
<s> [webpack.Progress] 9% setup compilation
<s> [webpack.Progress] 10% building
<s> [webpack.Progress] 10% building 0/1 entries 0/0 dependencies 0/0 modules
<s> [webpack.Progress] 20% building import loader ./node_modules/@storybook/builder-webpack5/node_modules/babel-loader/lib/index.js
<s> [webpack.Progress] 20% building 0/1 entries 24/32 dependencies 4/22 modules
<s> [webpack.Progress] 26% building 0/1 entries 32/91 dependencies 7/24 modules
<s> [webpack.Progress] 32% building import loader ./node_modules/unplugin/dist/webpack/loaders/load.js
<s> [webpack.Progress] 32% building 0/1 entries 128/143 dependencies 29/72 modules
<s> [webpack.Progress] 33% building import loader ./node_modules/style-loader/dist/cjs.js
<s> [webpack.Progress] 33% building import loader ./node_modules/css-loader/dist/cjs.js
<s> [webpack.Progress] 33% building import loader ./node_modules/sass-loader/dist/cjs.js
<s> [webpack.Progress] 33% building 0/1 entries 174/232 dependencies 42/100 modules
<s> [webpack.Progress] 28% building 0/1 entries 271/300 dependencies 55/160 modules
<s> [webpack.Progress] 38% building 0/1 entries 600/673 dependencies 123/241 modules
<s> [webpack.Progress] 37% building import loader ./node_modules/@svgr/webpack/dist/index.js
<s> [webpack.Progress] 37% building 0/1 entries 659/695 dependencies 142/280 modules
<s> [webpack.Progress] 39% building 0/1 entries 1129/1200 dependencies 244/459 modules
<s> [webpack.Progress] 62% building 1/1 entries 1283/1334 dependencies 328/492 modules
<s> [webpack.Progress] 99% cache begin idle
<s> [webpack.Progress] 99% cache begin idle
<s> [webpack.Progress] 100% 

=> Failed to build the preview
Module not found: Error: [CaseSensitivePathsPlugin] `.\src\entities\User\model\types\UserSchema.ts` does not match the corresponding path on disk `userSchema.ts`.
<s> [webpack.Progress] 99% cache shutdown
<s> [webpack.Progress] 99% cache shutdown
<s> [webpack.Progress] 100% 

ModuleNotFoundError: Module not found: Error: [CaseSensitivePathsPlugin] `.\src\entities\User\model\types\UserSchema.ts` does not match the corresponding path on disk `userSchema.ts`.
    at .\node_modules\webpack\lib\Compilation.js:2014:28
    at .\node_modules\webpack\lib\NormalModuleFactory.js:791:13
    at eval (eval at create (.\node_modules\tapable\lib\HookCodeFactory.js:33:10), <anonymous>:10:1)
    at .\node_modules\webpack\lib\NormalModuleFactory.js:280:23
    at eval (eval at create (.\node_modules\tapable\lib\HookCodeFactory.js:33:10), <anonymous>:9:1)
    at .\node_modules\case-sensitive-paths-webpack-plugin\index.js:169:11
    at .\node_modules\case-sensitive-paths-webpack-plugin\index.js:113:7
    at .\node_modules\case-sensitive-paths-webpack-plugin\index.js:72:5
    at process.processTicksAndRejections (node:internal/process/task_queues:82:21)
